# JRE version: Java(TM) SE Runtime Environment (18.0.1.1+2) (build 18.0.1.1+2-6)
# Java VM: Java HotSpot(TM) 64-Bit Server VM (18.0.1.1+2-6, mixed mode, sharing, tiered, compressed oops, compressed class ptrs, g1 gc, windows-amd64)
GC Precious Log:
 CardTable entry size: 512
 Card Set container configuration: InlinePtr #cards 4 size 8 Array Of Cards #cards 16 size 48 Howl #buckets 8 coarsen threshold 3686 Howl Bitmap #cards 512 size 80 coarsen threshold 460 Card regions per heap region 1 cards per card region 4096
 CPUs: 8 total, 8 available
 Memory: 16260M
 Large Page Support: Disabled
 NUMA Support: Disabled
 Compressed Oops: Enabled (Zero based)
 Heap Region Size: 2M
 Heap Min Capacity: 8M
 Heap Initial Capacity: 256M
 Heap Max Capacity: 4066M
 Pre-touch: Disabled
 Parallel Workers: 8
 Concurrent Workers: 2
 Concurrent Refinement Workers: 8
 Periodic GC: Disabled
Heap:
 garbage-first heap   total 151552K, used 116416K [0x0000000701e00000, 0x0000000800000000)
  region size 2048K, 19 young (38912K), 2 survivors (4096K)
 Metaspace       used 57312K, committed 58176K, reserved 1114112K
  class space    used 6095K, committed 6528K, reserved 1048576K
GC Heap History (20 events):
Event: 23.474 GC heap before
{Heap before GC invocations=21 (full 0):
 garbage-first heap   total 116736K, used 93715K [0x0000000701e00000, 0x0000000800000000)
  region size 2048K, 17 young (34816K), 2 survivors (4096K)
 Metaspace       used 49516K, committed 50304K, reserved 1114112K
  class space    used 5424K, committed 5824K, reserved 1048576K
}
Event: 23.492 GC heap after
{Heap after GC invocations=22 (full 0):
 garbage-first heap   total 116736K, used 64702K [0x0000000701e00000, 0x0000000800000000)
  region size 2048K, 2 young (4096K), 2 survivors (4096K)
 Metaspace       used 49516K, committed 50304K, reserved 1114112K
  class space    used 5424K, committed 5824K, reserved 1048576K
}
Event: 24.692 GC heap before
{Heap before GC invocations=22 (full 0):
 garbage-first heap   total 116736K, used 95422K [0x0000000701e00000, 0x0000000800000000)
  region size 2048K, 17 young (34816K), 2 survivors (4096K)
 Metaspace       used 49655K, committed 50432K, reserved 1114112K
  class space    used 5425K, committed 5824K, reserved 1048576K
}
Event: 24.715 GC heap after
{Heap after GC invocations=23 (full 0):
 garbage-first heap   total 116736K, used 66367K [0x0000000701e00000, 0x0000000800000000)
  region size 2048K, 2 young (4096K), 2 survivors (4096K)
 Metaspace       used 49655K, committed 50432K, reserved 1114112K
  class space    used 5425K, committed 5824K, reserved 1048576K
}
Event: 26.168 GC heap before
{Heap before GC invocations=24 (full 0):
 garbage-first heap   total 116736K, used 95039K [0x0000000701e00000, 0x0000000800000000)
  region size 2048K, 16 young (32768K), 2 survivors (4096K)
 Metaspace       used 49807K, committed 50560K, reserved 1114112K
  class space    used 5433K, committed 5824K, reserved 1048576K
}
Event: 26.185 GC heap after
{Heap after GC invocations=25 (full 0):
 garbage-first heap   total 116736K, used 67923K [0x0000000701e00000, 0x0000000800000000)
  region size 2048K, 2 young (4096K), 2 survivors (4096K)
 Metaspace       used 49807K, committed 50560K, reserved 1114112K
  class space    used 5433K, committed 5824K, reserved 1048576K
}
Event: 27.377 GC heap before
{Heap before GC invocations=25 (full 0):
 garbage-first heap   total 116736K, used 96595K [0x0000000701e00000, 0x0000000800000000)
  region size 2048K, 16 young (32768K), 2 survivors (4096K)
 Metaspace       used 50013K, committed 50752K, reserved 1114112K
  class space    used 5434K, committed 5824K, reserved 1048576K
}
Event: 27.397 GC heap after
{Heap after GC invocations=26 (full 0):
 garbage-first heap   total 141312K, used 69863K [0x0000000701e00000, 0x0000000800000000)
  region size 2048K, 2 young (4096K), 2 survivors (4096K)
 Metaspace       used 50013K, committed 50752K, reserved 1114112K
  class space    used 5434K, committed 5824K, reserved 1048576K
}
Event: 28.885 GC heap before
{Heap before GC invocations=27 (full 0):
 garbage-first heap   total 141312K, used 116967K [0x0000000701e00000, 0x0000000800000000)
  region size 2048K, 25 young (51200K), 2 survivors (4096K)
 Metaspace       used 50161K, committed 50944K, reserved 1114112K
  class space    used 5434K, committed 5824K, reserved 1048576K
}
Event: 28.899 GC heap after
{Heap after GC invocations=28 (full 0):
 garbage-first heap   total 141312K, used 72246K [0x0000000701e00000, 0x0000000800000000)
  region size 2048K, 3 young (6144K), 3 survivors (6144K)
 Metaspace       used 50161K, committed 50944K, reserved 1114112K
  class space    used 5434K, committed 5824K, reserved 1048576K
}
Event: 30.303 GC heap before
{Heap before GC invocations=28 (full 0):
 garbage-first heap   total 141312K, used 117302K [0x0000000701e00000, 0x0000000800000000)
  region size 2048K, 25 young (51200K), 3 survivors (6144K)
 Metaspace       used 50227K, committed 51008K, reserved 1114112K
  class space    used 5434K, committed 5824K, reserved 1048576K
}
Event: 30.325 GC heap after
{Heap after GC invocations=29 (full 0):
 garbage-first heap   total 141312K, used 74871K [0x0000000701e00000, 0x0000000800000000)
  region size 2048K, 3 young (6144K), 3 survivors (6144K)
 Metaspace       used 50227K, committed 51008K, reserved 1114112K
  class space    used 5434K, committed 5824K, reserved 1048576K
}
Event: 31.655 GC heap before
{Heap before GC invocations=30 (full 0):
 garbage-first heap   total 141312K, used 117879K [0x0000000701e00000, 0x0000000800000000)
  region size 2048K, 24 young (49152K), 3 survivors (6144K)
 Metaspace       used 50370K, committed 51200K, reserved 1114112K
  class space    used 5445K, committed 5824K, reserved 1048576K
}
Event: 31.674 GC heap after
{Heap after GC invocations=31 (full 0):
 garbage-first heap   total 141312K, used 77290K [0x0000000701e00000, 0x0000000800000000)
  region size 2048K, 3 young (6144K), 3 survivors (6144K)
 Metaspace       used 50370K, committed 51200K, reserved 1114112K
  class space    used 5445K, committed 5824K, reserved 1048576K
}
Event: 33.099 GC heap before
{Heap before GC invocations=31 (full 0):
 garbage-first heap   total 141312K, used 116202K [0x0000000701e00000, 0x0000000800000000)
  region size 2048K, 22 young (45056K), 3 survivors (6144K)
 Metaspace       used 50496K, committed 51328K, reserved 1114112K
  class space    used 5450K, committed 5888K, reserved 1048576K
}
Event: 33.116 GC heap after
{Heap after GC invocations=32 (full 0):
 garbage-first heap   total 141312K, used 79963K [0x0000000701e00000, 0x0000000800000000)
  region size 2048K, 3 young (6144K), 3 survivors (6144K)
 Metaspace       used 50496K, committed 51328K, reserved 1114112K
  class space    used 5450K, committed 5888K, reserved 1048576K
}
Event: 34.211 GC heap before
{Heap before GC invocations=33 (full 0):
 garbage-first heap   total 143360K, used 116827K [0x0000000701e00000, 0x0000000800000000)
  region size 2048K, 21 young (43008K), 3 survivors (6144K)
 Metaspace       used 51685K, committed 52480K, reserved 1114112K
  class space    used 5545K, committed 5952K, reserved 1048576K
}
Event: 34.227 GC heap after
{Heap after GC invocations=34 (full 0):
 garbage-first heap   total 143360K, used 82257K [0x0000000701e00000, 0x0000000800000000)
  region size 2048K, 3 young (6144K), 3 survivors (6144K)
 Metaspace       used 51685K, committed 52480K, reserved 1114112K
  class space    used 5545K, committed 5952K, reserved 1048576K
}
Event: 34.831 GC heap before
{Heap before GC invocations=34 (full 0):
 garbage-first heap   total 143360K, used 119121K [0x0000000701e00000, 0x0000000800000000)
  region size 2048K, 21 young (43008K), 3 survivors (6144K)
 Metaspace       used 51778K, committed 52608K, reserved 1114112K
  class space    used 5547K, committed 5952K, reserved 1048576K
}
Event: 34.846 GC heap after
{Heap after GC invocations=35 (full 0):
 garbage-first heap   total 143360K, used 83648K [0x0000000701e00000, 0x0000000800000000)
  region size 2048K, 2 young (4096K), 2 survivors (4096K)
 Metaspace       used 51778K, committed 52608K, reserved 1114112K
  class space    used 5547K, committed 5952K, reserved 1048576K
}

