# JRE version: Java(TM) SE Runtime Environment (18.0.1.1+2) (build 18.0.1.1+2-6)
# Java VM: Java HotSpot(TM) 64-Bit Server VM (18.0.1.1+2-6, mixed mode, sharing, tiered, compressed oops, compressed class ptrs, g1 gc, windows-amd64)
GC Precious Log:
 CardTable entry size: 512
 Card Set container configuration: InlinePtr #cards 4 size 8 Array Of Cards #cards 16 size 48 Howl #buckets 8 coarsen threshold 3686 Howl Bitmap #cards 512 size 80 coarsen threshold 460 Card regions per heap region 1 cards per card region 4096
 CPUs: 8 total, 8 available
 Memory: 16260M
 Large Page Support: Disabled
 NUMA Support: Disabled
 Compressed Oops: Enabled (Zero based)
 Heap Region Size: 2M
 Heap Min Capacity: 8M
 Heap Initial Capacity: 256M
 Heap Max Capacity: 4066M
 Pre-touch: Disabled
 Parallel Workers: 8
 Concurrent Workers: 2
 Concurrent Refinement Workers: 8
 Periodic GC: Disabled
Heap:
 garbage-first heap   total 487424K, used 170699K [0x0000000701e00000, 0x0000000800000000)
  region size 2048K, 7 young (14336K), 7 survivors (14336K)
 Metaspace       used 78947K, committed 79872K, reserved 1179648K
  class space    used 7810K, committed 8320K, reserved 1048576K
GC Heap History (20 events):
Event: 44.207 GC heap after
{Heap after GC invocations=44 (full 0):
 garbage-first heap   total 219136K, used 103085K [0x0000000701e00000, 0x0000000800000000)
  region size 2048K, 3 young (6144K), 3 survivors (6144K)
 Metaspace       used 78002K, committed 78912K, reserved 1179648K
  class space    used 7798K, committed 8256K, reserved 1048576K
}
Event: 44.703 GC heap before
{Heap before GC invocations=44 (full 0):
 garbage-first heap   total 219136K, used 172717K [0x0000000701e00000, 0x0000000800000000)
  region size 2048K, 37 young (75776K), 3 survivors (6144K)
 Metaspace       used 78187K, committed 79040K, reserved 1179648K
  class space    used 7800K, committed 8256K, reserved 1048576K
}
Event: 44.726 GC heap after
{Heap after GC invocations=45 (full 0):
 garbage-first heap   total 219136K, used 112201K [0x0000000701e00000, 0x0000000800000000)
  region size 2048K, 5 young (10240K), 5 survivors (10240K)
 Metaspace       used 78187K, committed 79040K, reserved 1179648K
  class space    used 7800K, committed 8256K, reserved 1048576K
}
Event: 44.985 GC heap before
{Heap before GC invocations=45 (full 0):
 garbage-first heap   total 219136K, used 173641K [0x0000000701e00000, 0x0000000800000000)
  region size 2048K, 35 young (71680K), 5 survivors (10240K)
 Metaspace       used 78188K, committed 79040K, reserved 1179648K
  class space    used 7800K, committed 8256K, reserved 1048576K
}
Event: 44.996 GC heap after
{Heap after GC invocations=46 (full 0):
 garbage-first heap   total 219136K, used 111757K [0x0000000701e00000, 0x0000000800000000)
  region size 2048K, 3 young (6144K), 3 survivors (6144K)
 Metaspace       used 78188K, committed 79040K, reserved 1179648K
  class space    used 7800K, committed 8256K, reserved 1048576K
}
Event: 45.346 GC heap before
{Heap before GC invocations=47 (full 0):
 garbage-first heap   total 225280K, used 173197K [0x0000000701e00000, 0x0000000800000000)
  region size 2048K, 33 young (67584K), 3 survivors (6144K)
 Metaspace       used 78216K, committed 79104K, reserved 1179648K
  class space    used 7800K, committed 8256K, reserved 1048576K
}
Event: 45.357 GC heap after
{Heap after GC invocations=48 (full 0):
 garbage-first heap   total 225280K, used 115517K [0x0000000701e00000, 0x0000000800000000)
  region size 2048K, 5 young (10240K), 5 survivors (10240K)
 Metaspace       used 78216K, committed 79104K, reserved 1179648K
  class space    used 7800K, committed 8256K, reserved 1048576K
}
Event: 45.367 GC heap before
{Heap before GC invocations=48 (full 0):
 garbage-first heap   total 225280K, used 117565K [0x0000000701e00000, 0x0000000800000000)
  region size 2048K, 6 young (12288K), 5 survivors (10240K)
 Metaspace       used 78216K, committed 79104K, reserved 1179648K
  class space    used 7800K, committed 8256K, reserved 1048576K
}
Event: 45.381 GC heap after
{Heap after GC invocations=49 (full 0):
 garbage-first heap   total 487424K, used 114590K [0x0000000701e00000, 0x0000000800000000)
  region size 2048K, 1 young (2048K), 1 survivors (2048K)
 Metaspace       used 78216K, committed 79104K, reserved 1179648K
  class space    used 7800K, committed 8256K, reserved 1048576K
}
Event: 46.697 GC heap before
{Heap before GC invocations=49 (full 0):
 garbage-first heap   total 487424K, used 313246K [0x0000000701e00000, 0x0000000800000000)
  region size 2048K, 98 young (200704K), 1 survivors (2048K)
 Metaspace       used 78358K, committed 79232K, reserved 1179648K
  class space    used 7800K, committed 8256K, reserved 1048576K
}
Event: 46.707 GC heap after
{Heap after GC invocations=50 (full 0):
 garbage-first heap   total 487424K, used 125281K [0x0000000701e00000, 0x0000000800000000)
  region size 2048K, 7 young (14336K), 7 survivors (14336K)
 Metaspace       used 78358K, committed 79232K, reserved 1179648K
  class space    used 7800K, committed 8256K, reserved 1048576K
}
Event: 47.803 GC heap before
{Heap before GC invocations=50 (full 0):
 garbage-first heap   total 487424K, used 342369K [0x0000000701e00000, 0x0000000800000000)
  region size 2048K, 113 young (231424K), 7 survivors (14336K)
 Metaspace       used 78574K, committed 79488K, reserved 1179648K
  class space    used 7810K, committed 8320K, reserved 1048576K
}
Event: 47.825 GC heap after
{Heap after GC invocations=51 (full 0):
 garbage-first heap   total 487424K, used 134773K [0x0000000701e00000, 0x0000000800000000)
  region size 2048K, 11 young (22528K), 11 survivors (22528K)
 Metaspace       used 78574K, committed 79488K, reserved 1179648K
  class space    used 7810K, committed 8320K, reserved 1048576K
}
Event: 49.147 GC heap before
{Heap before GC invocations=51 (full 0):
 garbage-first heap   total 487424K, used 382581K [0x0000000701e00000, 0x0000000800000000)
  region size 2048K, 132 young (270336K), 11 survivors (22528K)
 Metaspace       used 78703K, committed 79616K, reserved 1179648K
  class space    used 7810K, committed 8320K, reserved 1048576K
}
Event: 49.159 GC heap after
{Heap after GC invocations=52 (full 0):
 garbage-first heap   total 487424K, used 140817K [0x0000000701e00000, 0x0000000800000000)
  region size 2048K, 10 young (20480K), 10 survivors (20480K)
 Metaspace       used 78703K, committed 79616K, reserved 1179648K
  class space    used 7810K, committed 8320K, reserved 1048576K
}
Event: 49.958 GC heap before
{Heap before GC invocations=52 (full 0):
 garbage-first heap   total 487424K, used 378385K [0x0000000701e00000, 0x0000000800000000)
  region size 2048K, 126 young (258048K), 10 survivors (20480K)
 Metaspace       used 78782K, committed 79744K, reserved 1179648K
  class space    used 7810K, committed 8320K, reserved 1048576K
}
Event: 49.995 GC heap after
{Heap after GC invocations=53 (full 0):
 garbage-first heap   total 487424K, used 160677K [0x0000000701e00000, 0x0000000800000000)
  region size 2048K, 16 young (32768K), 16 survivors (32768K)
 Metaspace       used 78782K, committed 79744K, reserved 1179648K
  class space    used 7810K, committed 8320K, reserved 1048576K
}
Event: 50.933 GC heap before
{Heap before GC invocations=53 (full 0):
 garbage-first heap   total 487424K, used 375717K [0x0000000701e00000, 0x0000000800000000)
  region size 2048K, 121 young (247808K), 16 survivors (32768K)
 Metaspace       used 78863K, committed 79808K, reserved 1179648K
  class space    used 7810K, committed 8320K, reserved 1048576K
}
Event: 50.958 GC heap after
{Heap after GC invocations=54 (full 0):
 garbage-first heap   total 487424K, used 163304K [0x0000000701e00000, 0x0000000800000000)
  region size 2048K, 10 young (20480K), 10 survivors (20480K)
 Metaspace       used 78863K, committed 79808K, reserved 1179648K
  class space    used 7810K, committed 8320K, reserved 1048576K
}
Event: 51.876 GC heap before
{Heap before GC invocations=54 (full 0):
 garbage-first heap   total 487424K, used 372200K [0x0000000701e00000, 0x0000000800000000)
  region size 2048K, 112 young (229376K), 10 survivors (20480K)
 Metaspace       used 78947K, committed 79872K, reserved 1179648K
  class space    used 7810K, committed 8320K, reserved 1048576K
}

