# JRE version: Java(TM) SE Runtime Environment (18.0.1.1+2) (build 18.0.1.1+2-6)
# Java VM: Java HotSpot(TM) 64-Bit Server VM (18.0.1.1+2-6, mixed mode, sharing, tiered, compressed oops, compressed class ptrs, serial gc, windows-amd64)
GC Precious Log:
 CardTable entry size: 512
 CPUs: 8 total, 8 available
 Memory: 16260M
 Large Page Support: Disabled
 NUMA Support: Disabled
 Compressed Oops: Enabled (32-bit)
 Heap Min Capacity: 8M
 Heap Initial Capacity: 256M
 Heap Max Capacity: 1280M
 Pre-touch: Disabled
Heap:
 def new generation   total 79296K, used 43929K [0x00000000b0000000, 0x00000000b5600000, 0x00000000caaa0000)
  eden space 70528K,  52% used [0x00000000b0000000, 0x00000000b2415720, 0x00000000b44e0000)
  from space 8768K,  79% used [0x00000000b4d70000, 0x00000000b5440db8, 0x00000000b5600000)
  to   space 8768K,   0% used [0x00000000b44e0000, 0x00000000b44e0000, 0x00000000b4d70000)
 tenured generation   total 174784K, used 119174K [0x00000000caaa0000, 0x00000000d5550000, 0x0000000100000000)
   the space 174784K,  68% used [0x00000000caaa0000, 0x00000000d1f01a98, 0x00000000d1f01c00, 0x00000000d5550000)
 Metaspace       used 114639K, committed 116928K, reserved 446464K
  class space    used 16308K, committed 17472K, reserved 315392K
GC Heap History (20 events):
Event: 20.968 GC heap before
{Heap before GC invocations=14 (full 3):
 def new generation   total 78912K, used 75887K [0x00000000b0000000, 0x00000000b55a0000, 0x00000000caaa0000)
  eden space 70144K, 100% used [0x00000000b0000000, 0x00000000b4480000, 0x00000000b4480000)
  from space 8768K,  65% used [0x00000000b4d10000, 0x00000000b52abf68, 0x00000000b55a0000)
  to   space 8768K,   0% used [0x00000000b4480000, 0x00000000b4480000, 0x00000000b4d10000)
 tenured generation   total 174784K, used 78990K [0x00000000caaa0000, 0x00000000d5550000, 0x0000000100000000)
   the space 174784K,  45% used [0x00000000caaa0000, 0x00000000cf7c3b68, 0x00000000cf7c3c00, 0x00000000d5550000)
 Metaspace       used 77108K, committed 79040K, reserved 446464K
  class space    used 10712K, committed 11712K, reserved 315392K
}
Event: 20.997 GC heap after
{Heap after GC invocations=15 (full 3):
 def new generation   total 78912K, used 2610K [0x00000000b0000000, 0x00000000b55a0000, 0x00000000caaa0000)
  eden space 70144K,   0% used [0x00000000b0000000, 0x00000000b0000000, 0x00000000b4480000)
  from space 8768K,  29% used [0x00000000b4480000, 0x00000000b470c888, 0x00000000b4d10000)
  to   space 8768K,   0% used [0x00000000b4d10000, 0x00000000b4d10000, 0x00000000b55a0000)
 tenured generation   total 174784K, used 84711K [0x00000000caaa0000, 0x00000000d5550000, 0x0000000100000000)
   the space 174784K,  48% used [0x00000000caaa0000, 0x00000000cfd59ce8, 0x00000000cfd59e00, 0x00000000d5550000)
 Metaspace       used 77108K, committed 79040K, reserved 446464K
  class space    used 10712K, committed 11712K, reserved 315392K
}
Event: 22.176 GC heap before
{Heap before GC invocations=15 (full 3):
 def new generation   total 78912K, used 72754K [0x00000000b0000000, 0x00000000b55a0000, 0x00000000caaa0000)
  eden space 70144K, 100% used [0x00000000b0000000, 0x00000000b4480000, 0x00000000b4480000)
  from space 8768K,  29% used [0x00000000b4480000, 0x00000000b470c888, 0x00000000b4d10000)
  to   space 8768K,   0% used [0x00000000b4d10000, 0x00000000b4d10000, 0x00000000b55a0000)
 tenured generation   total 174784K, used 84711K [0x00000000caaa0000, 0x00000000d5550000, 0x0000000100000000)
   the space 174784K,  48% used [0x00000000caaa0000, 0x00000000cfd59ce8, 0x00000000cfd59e00, 0x00000000d5550000)
 Metaspace       used 82233K, committed 84224K, reserved 446464K
  class space    used 11433K, committed 12480K, reserved 315392K
}
Event: 22.202 GC heap after
{Heap after GC invocations=16 (full 3):
 def new generation   total 78912K, used 6444K [0x00000000b0000000, 0x00000000b55a0000, 0x00000000caaa0000)
  eden space 70144K,   0% used [0x00000000b0000000, 0x00000000b0000000, 0x00000000b4480000)
  from space 8768K,  73% used [0x00000000b4d10000, 0x00000000b535b158, 0x00000000b55a0000)
  to   space 8768K,   0% used [0x00000000b4480000, 0x00000000b4480000, 0x00000000b4d10000)
 tenured generation   total 174784K, used 84711K [0x00000000caaa0000, 0x00000000d5550000, 0x0000000100000000)
   the space 174784K,  48% used [0x00000000caaa0000, 0x00000000cfd59ce8, 0x00000000cfd59e00, 0x00000000d5550000)
 Metaspace       used 82233K, committed 84224K, reserved 446464K
  class space    used 11433K, committed 12480K, reserved 315392K
}
Event: 23.291 GC heap before
{Heap before GC invocations=16 (full 3):
 def new generation   total 78912K, used 76588K [0x00000000b0000000, 0x00000000b55a0000, 0x00000000caaa0000)
  eden space 70144K, 100% used [0x00000000b0000000, 0x00000000b4480000, 0x00000000b4480000)
  from space 8768K,  73% used [0x00000000b4d10000, 0x00000000b535b158, 0x00000000b55a0000)
  to   space 8768K,   0% used [0x00000000b4480000, 0x00000000b4480000, 0x00000000b4d10000)
 tenured generation   total 174784K, used 84711K [0x00000000caaa0000, 0x00000000d5550000, 0x0000000100000000)
   the space 174784K,  48% used [0x00000000caaa0000, 0x00000000cfd59ce8, 0x00000000cfd59e00, 0x00000000d5550000)
 Metaspace       used 87915K, committed 89984K, reserved 446464K
  class space    used 12204K, committed 13312K, reserved 315392K
}
Event: 23.323 GC heap after
{Heap after GC invocations=17 (full 3):
 def new generation   total 78912K, used 7829K [0x00000000b0000000, 0x00000000b55a0000, 0x00000000caaa0000)
  eden space 70144K,   0% used [0x00000000b0000000, 0x00000000b0000000, 0x00000000b4480000)
  from space 8768K,  89% used [0x00000000b4480000, 0x00000000b4c255d8, 0x00000000b4d10000)
  to   space 8768K,   0% used [0x00000000b4d10000, 0x00000000b4d10000, 0x00000000b55a0000)
 tenured generation   total 174784K, used 87267K [0x00000000caaa0000, 0x00000000d5550000, 0x0000000100000000)
   the space 174784K,  49% used [0x00000000caaa0000, 0x00000000cffd8cd0, 0x00000000cffd8e00, 0x00000000d5550000)
 Metaspace       used 87915K, committed 89984K, reserved 446464K
  class space    used 12204K, committed 13312K, reserved 315392K
}
Event: 24.608 GC heap before
{Heap before GC invocations=17 (full 3):
 def new generation   total 78912K, used 77973K [0x00000000b0000000, 0x00000000b55a0000, 0x00000000caaa0000)
  eden space 70144K, 100% used [0x00000000b0000000, 0x00000000b4480000, 0x00000000b4480000)
  from space 8768K,  89% used [0x00000000b4480000, 0x00000000b4c255d8, 0x00000000b4d10000)
  to   space 8768K,   0% used [0x00000000b4d10000, 0x00000000b4d10000, 0x00000000b55a0000)
 tenured generation   total 174784K, used 87267K [0x00000000caaa0000, 0x00000000d5550000, 0x0000000100000000)
   the space 174784K,  49% used [0x00000000caaa0000, 0x00000000cffd8cd0, 0x00000000cffd8e00, 0x00000000d5550000)
 Metaspace       used 90735K, committed 92864K, reserved 446464K
  class space    used 12651K, committed 13760K, reserved 315392K
}
Event: 24.646 GC heap after
{Heap after GC invocations=18 (full 3):
 def new generation   total 78912K, used 8768K [0x00000000b0000000, 0x00000000b55a0000, 0x00000000caaa0000)
  eden space 70144K,   0% used [0x00000000b0000000, 0x00000000b0000000, 0x00000000b4480000)
  from space 8768K, 100% used [0x00000000b4d10000, 0x00000000b55a0000, 0x00000000b55a0000)
  to   space 8768K,   0% used [0x00000000b4480000, 0x00000000b4480000, 0x00000000b4d10000)
 tenured generation   total 174784K, used 93085K [0x00000000caaa0000, 0x00000000d5550000, 0x0000000100000000)
   the space 174784K,  53% used [0x00000000caaa0000, 0x00000000d0587788, 0x00000000d0587800, 0x00000000d5550000)
 Metaspace       used 90735K, committed 92864K, reserved 446464K
  class space    used 12651K, committed 13760K, reserved 315392K
}
Event: 25.903 GC heap before
{Heap before GC invocations=18 (full 3):
 def new generation   total 78912K, used 78912K [0x00000000b0000000, 0x00000000b55a0000, 0x00000000caaa0000)
  eden space 70144K, 100% used [0x00000000b0000000, 0x00000000b4480000, 0x00000000b4480000)
  from space 8768K, 100% used [0x00000000b4d10000, 0x00000000b55a0000, 0x00000000b55a0000)
  to   space 8768K,   0% used [0x00000000b4480000, 0x00000000b4480000, 0x00000000b4d10000)
 tenured generation   total 174784K, used 93085K [0x00000000caaa0000, 0x00000000d5550000, 0x0000000100000000)
   the space 174784K,  53% used [0x00000000caaa0000, 0x00000000d0587788, 0x00000000d0587800, 0x00000000d5550000)
 Metaspace       used 91513K, committed 93696K, reserved 446464K
  class space    used 12759K, committed 13888K, reserved 315392K
}
Event: 25.952 GC heap after
{Heap after GC invocations=19 (full 3):
 def new generation   total 78912K, used 5092K [0x00000000b0000000, 0x00000000b55a0000, 0x00000000caaa0000)
  eden space 70144K,   0% used [0x00000000b0000000, 0x00000000b0000000, 0x00000000b4480000)
  from space 8768K,  58% used [0x00000000b4480000, 0x00000000b4979248, 0x00000000b4d10000)
  to   space 8768K,   0% used [0x00000000b4d10000, 0x00000000b4d10000, 0x00000000b55a0000)
 tenured generation   total 174784K, used 99849K [0x00000000caaa0000, 0x00000000d5550000, 0x0000000100000000)
   the space 174784K,  57% used [0x00000000caaa0000, 0x00000000d0c22688, 0x00000000d0c22800, 0x00000000d5550000)
 Metaspace       used 91513K, committed 93696K, reserved 446464K
  class space    used 12759K, committed 13888K, reserved 315392K
}
Event: 27.906 GC heap before
{Heap before GC invocations=19 (full 3):
 def new generation   total 78912K, used 75236K [0x00000000b0000000, 0x00000000b55a0000, 0x00000000caaa0000)
  eden space 70144K, 100% used [0x00000000b0000000, 0x00000000b4480000, 0x00000000b4480000)
  from space 8768K,  58% used [0x00000000b4480000, 0x00000000b4979248, 0x00000000b4d10000)
  to   space 8768K,   0% used [0x00000000b4d10000, 0x00000000b4d10000, 0x00000000b55a0000)
 tenured generation   total 174784K, used 99849K [0x00000000caaa0000, 0x00000000d5550000, 0x0000000100000000)
   the space 174784K,  57% used [0x00000000caaa0000, 0x00000000d0c22688, 0x00000000d0c22800, 0x00000000d5550000)
 Metaspace       used 95084K, committed 97216K, reserved 446464K
  class space    used 13169K, committed 14272K, reserved 315392K
}
Event: 27.939 GC heap after
{Heap after GC invocations=20 (full 3):
 def new generation   total 78912K, used 6216K [0x00000000b0000000, 0x00000000b55a0000, 0x00000000caaa0000)
  eden space 70144K,   0% used [0x00000000b0000000, 0x00000000b0000000, 0x00000000b4480000)
  from space 8768K,  70% used [0x00000000b4d10000, 0x00000000b5322390, 0x00000000b55a0000)
  to   space 8768K,   0% used [0x00000000b4480000, 0x00000000b4480000, 0x00000000b4d10000)
 tenured generation   total 174784K, used 103094K [0x00000000caaa0000, 0x00000000d5550000, 0x0000000100000000)
   the space 174784K,  58% used [0x00000000caaa0000, 0x00000000d0f4d8a0, 0x00000000d0f4da00, 0x00000000d5550000)
 Metaspace       used 95084K, committed 97216K, reserved 446464K
  class space    used 13169K, committed 14272K, reserved 315392K
}
Event: 96.100 GC heap before
{Heap before GC invocations=20 (full 3):
 def new generation   total 78912K, used 72880K [0x00000000b0000000, 0x00000000b55a0000, 0x00000000caaa0000)
  eden space 70144K,  95% used [0x00000000b0000000, 0x00000000b4119f60, 0x00000000b4480000)
  from space 8768K,  70% used [0x00000000b4d10000, 0x00000000b5322390, 0x00000000b55a0000)
  to   space 8768K,   0% used [0x00000000b4480000, 0x00000000b4480000, 0x00000000b4d10000)
 tenured generation   total 174784K, used 103094K [0x00000000caaa0000, 0x00000000d5550000, 0x0000000100000000)
   the space 174784K,  58% used [0x00000000caaa0000, 0x00000000d0f4d8a0, 0x00000000d0f4da00, 0x00000000d5550000)
 Metaspace       used 97442K, committed 99648K, reserved 446464K
  class space    used 13432K, committed 14592K, reserved 315392K
}
Event: 96.542 GC heap after
{Heap after GC invocations=21 (full 4):
 def new generation   total 79296K, used 0K [0x00000000b0000000, 0x00000000b5600000, 0x00000000caaa0000)
  eden space 70528K,   0% used [0x00000000b0000000, 0x00000000b0000000, 0x00000000b44e0000)
  from space 8768K,   0% used [0x00000000b44e0000, 0x00000000b44e0000, 0x00000000b4d70000)
  to   space 8768K,   0% used [0x00000000b4d70000, 0x00000000b4d70000, 0x00000000b5600000)
 tenured generation   total 174784K, used 104950K [0x00000000caaa0000, 0x00000000d5550000, 0x0000000100000000)
   the space 174784K,  60% used [0x00000000caaa0000, 0x00000000d111d970, 0x00000000d111da00, 0x00000000d5550000)
 Metaspace       used 97442K, committed 99648K, reserved 446464K
  class space    used 13432K, committed 14592K, reserved 315392K
}
Event: 97.804 GC heap before
{Heap before GC invocations=21 (full 4):
 def new generation   total 79296K, used 70527K [0x00000000b0000000, 0x00000000b5600000, 0x00000000caaa0000)
  eden space 70528K,  99% used [0x00000000b0000000, 0x00000000b44dfff0, 0x00000000b44e0000)
  from space 8768K,   0% used [0x00000000b44e0000, 0x00000000b44e0000, 0x00000000b4d70000)
  to   space 8768K,   0% used [0x00000000b4d70000, 0x00000000b4d70000, 0x00000000b5600000)
 tenured generation   total 174784K, used 104950K [0x00000000caaa0000, 0x00000000d5550000, 0x0000000100000000)
   the space 174784K,  60% used [0x00000000caaa0000, 0x00000000d111d970, 0x00000000d111da00, 0x00000000d5550000)
 Metaspace       used 103493K, committed 105664K, reserved 446464K
  class space    used 14382K, committed 15552K, reserved 315392K
}
Event: 97.825 GC heap after
{Heap after GC invocations=22 (full 4):
 def new generation   total 79296K, used 6482K [0x00000000b0000000, 0x00000000b5600000, 0x00000000caaa0000)
  eden space 70528K,   0% used [0x00000000b0000000, 0x00000000b0000000, 0x00000000b44e0000)
  from space 8768K,  73% used [0x00000000b4d70000, 0x00000000b53c4858, 0x00000000b5600000)
  to   space 8768K,   0% used [0x00000000b44e0000, 0x00000000b44e0000, 0x00000000b4d70000)
 tenured generation   total 174784K, used 104950K [0x00000000caaa0000, 0x00000000d5550000, 0x0000000100000000)
   the space 174784K,  60% used [0x00000000caaa0000, 0x00000000d111d970, 0x00000000d111da00, 0x00000000d5550000)
 Metaspace       used 103493K, committed 105664K, reserved 446464K
  class space    used 14382K, committed 15552K, reserved 315392K
}
Event: 98.801 GC heap before
{Heap before GC invocations=22 (full 4):
 def new generation   total 79296K, used 77010K [0x00000000b0000000, 0x00000000b5600000, 0x00000000caaa0000)
  eden space 70528K, 100% used [0x00000000b0000000, 0x00000000b44e0000, 0x00000000b44e0000)
  from space 8768K,  73% used [0x00000000b4d70000, 0x00000000b53c4858, 0x00000000b5600000)
  to   space 8768K,   0% used [0x00000000b44e0000, 0x00000000b44e0000, 0x00000000b4d70000)
 tenured generation   total 174784K, used 104950K [0x00000000caaa0000, 0x00000000d5550000, 0x0000000100000000)
   the space 174784K,  60% used [0x00000000caaa0000, 0x00000000d111d970, 0x00000000d111da00, 0x00000000d5550000)
 Metaspace       used 108091K, committed 110336K, reserved 446464K
  class space    used 15171K, committed 16320K, reserved 315392K
}
Event: 98.882 GC heap after
{Heap after GC invocations=23 (full 4):
 def new generation   total 79296K, used 8186K [0x00000000b0000000, 0x00000000b5600000, 0x00000000caaa0000)
  eden space 70528K,   0% used [0x00000000b0000000, 0x00000000b0000000, 0x00000000b44e0000)
  from space 8768K,  93% used [0x00000000b44e0000, 0x00000000b4cde9d0, 0x00000000b4d70000)
  to   space 8768K,   0% used [0x00000000b4d70000, 0x00000000b4d70000, 0x00000000b5600000)
 tenured generation   total 174784K, used 111210K [0x00000000caaa0000, 0x00000000d5550000, 0x0000000100000000)
   the space 174784K,  63% used [0x00000000caaa0000, 0x00000000d173a920, 0x00000000d173aa00, 0x00000000d5550000)
 Metaspace       used 108091K, committed 110336K, reserved 446464K
  class space    used 15171K, committed 16320K, reserved 315392K
}
Event: 100.026 GC heap before
{Heap before GC invocations=23 (full 4):
 def new generation   total 79296K, used 78714K [0x00000000b0000000, 0x00000000b5600000, 0x00000000caaa0000)
  eden space 70528K, 100% used [0x00000000b0000000, 0x00000000b44e0000, 0x00000000b44e0000)
  from space 8768K,  93% used [0x00000000b44e0000, 0x00000000b4cde9d0, 0x00000000b4d70000)
  to   space 8768K,   0% used [0x00000000b4d70000, 0x00000000b4d70000, 0x00000000b5600000)
 tenured generation   total 174784K, used 111210K [0x00000000caaa0000, 0x00000000d5550000, 0x0000000100000000)
   the space 174784K,  63% used [0x00000000caaa0000, 0x00000000d173a920, 0x00000000d173aa00, 0x00000000d5550000)
 Metaspace       used 112665K, committed 114944K, reserved 446464K
  class space    used 15979K, committed 17152K, reserved 315392K
}
Event: 100.114 GC heap after
{Heap after GC invocations=24 (full 4):
 def new generation   total 79296K, used 6979K [0x00000000b0000000, 0x00000000b5600000, 0x00000000caaa0000)
  eden space 70528K,   0% used [0x00000000b0000000, 0x00000000b0000000, 0x00000000b44e0000)
  from space 8768K,  79% used [0x00000000b4d70000, 0x00000000b5440db8, 0x00000000b5600000)
  to   space 8768K,   0% used [0x00000000b44e0000, 0x00000000b44e0000, 0x00000000b4d70000)
 tenured generation   total 174784K, used 119174K [0x00000000caaa0000, 0x00000000d5550000, 0x0000000100000000)
   the space 174784K,  68% used [0x00000000caaa0000, 0x00000000d1f01a98, 0x00000000d1f01c00, 0x00000000d5550000)
 Metaspace       used 112665K, committed 114944K, reserved 446464K
  class space    used 15979K, committed 17152K, reserved 315392K
}

